{"/Users/ismailasylla/Desktop/carship/src/server.ts": {"path":"/Users/ismailasylla/Desktop/carship/src/server.ts","statementMap":{"0":{"start":{"line":1,"column":0},"end":{"line":1,"column":30}},"1":{"start":{"line":2,"column":0},"end":{"line":2,"column":32}},"2":{"start":{"line":3,"column":0},"end":{"line":3,"column":24}},"3":{"start":{"line":4,"column":0},"end":{"line":4,"column":36}},"4":{"start":{"line":5,"column":0},"end":{"line":5,"column":35}},"5":{"start":{"line":6,"column":0},"end":{"line":6,"column":43}},"6":{"start":{"line":7,"column":0},"end":{"line":7,"column":45}},"7":{"start":{"line":8,"column":0},"end":{"line":8,"column":38}},"8":{"start":{"line":10,"column":12},"end":{"line":10,"column":21}},"9":{"start":{"line":12,"column":0},"end":{"line":12,"column":16}},"10":{"start":{"line":13,"column":0},"end":{"line":13,"column":24}},"11":{"start":{"line":15,"column":0},"end":{"line":15,"column":32}},"12":{"start":{"line":16,"column":0},"end":{"line":16,"column":33}},"13":{"start":{"line":18,"column":17},"end":{"line":18,"column":33}},"14":{"start":{"line":19,"column":0},"end":{"line":21,"column":1}},"15":{"start":{"line":20,"column":2},"end":{"line":20,"column":46}},"16":{"start":{"line":23,"column":0},"end":{"line":29,"column":5}},"17":{"start":{"line":25,"column":4},"end":{"line":25,"column":37}},"18":{"start":{"line":28,"column":4},"end":{"line":28,"column":52}},"19":{"start":{"line":32,"column":15},"end":{"line":32,"column":32}},"20":{"start":{"line":33,"column":11},"end":{"line":37,"column":2}},"21":{"start":{"line":39,"column":0},"end":{"line":44,"column":3}},"22":{"start":{"line":40,"column":2},"end":{"line":40,"column":38}},"23":{"start":{"line":41,"column":2},"end":{"line":43,"column":5}},"24":{"start":{"line":42,"column":4},"end":{"line":42,"column":39}},"25":{"start":{"line":47,"column":29},"end":{"line":49,"column":1}},"26":{"start":{"line":48,"column":2},"end":{"line":48,"column":37}},"27":{"start":{"line":47,"column":13},"end":{"line":47,"column":29}},"28":{"start":{"line":51,"column":13},"end":{"line":51,"column":34}},"29":{"start":{"line":52,"column":0},"end":{"line":54,"column":3}},"30":{"start":{"line":53,"column":2},"end":{"line":53,"column":51}}},"fnMap":{"0":{"name":"(anonymous_1)","decl":{"start":{"line":24,"column":8},"end":{"line":24,"column":11}},"loc":{"start":{"line":24,"column":13},"end":{"line":26,"column":3}}},"1":{"name":"(anonymous_2)","decl":{"start":{"line":27,"column":9},"end":{"line":27,"column":12}},"loc":{"start":{"line":27,"column":15},"end":{"line":29,"column":3}}},"2":{"name":"(anonymous_3)","decl":{"start":{"line":39,"column":20},"end":{"line":39,"column":21}},"loc":{"start":{"line":39,"column":31},"end":{"line":44,"column":1}}},"3":{"name":"(anonymous_4)","decl":{"start":{"line":41,"column":26},"end":{"line":41,"column":29}},"loc":{"start":{"line":41,"column":31},"end":{"line":43,"column":3}}},"4":{"name":"(anonymous_5)","decl":{"start":{"line":47,"column":29},"end":{"line":47,"column":30}},"loc":{"start":{"line":47,"column":50},"end":{"line":49,"column":1}}},"5":{"name":"(anonymous_6)","decl":{"start":{"line":52,"column":20},"end":{"line":52,"column":23}},"loc":{"start":{"line":52,"column":25},"end":{"line":54,"column":1}}}},"branchMap":{"0":{"loc":{"start":{"line":19,"column":0},"end":{"line":21,"column":1}},"type":"if","locations":[{"start":{"line":19,"column":0},"end":{"line":21,"column":1}}]},"1":{"loc":{"start":{"line":51,"column":13},"end":{"line":51,"column":34}},"type":"binary-expr","locations":[{"start":{"line":51,"column":13},"end":{"line":51,"column":24}},{"start":{"line":51,"column":28},"end":{"line":51,"column":34}}]}},"s":{"0":0,"1":0,"2":0,"3":0,"4":0,"5":0,"6":0,"7":0,"8":0,"9":0,"10":0,"11":0,"12":0,"13":0,"14":0,"15":0,"16":0,"17":0,"18":0,"19":0,"20":0,"21":0,"22":0,"23":0,"24":0,"25":0,"26":0,"27":0,"28":0,"29":0,"30":0},"f":{"0":0,"1":0,"2":0,"3":0,"4":0,"5":0},"b":{"0":[0],"1":[0,0]}}
,"/Users/ismailasylla/Desktop/carship/src/config/service.ts": {"path":"/Users/ismailasylla/Desktop/carship/src/config/service.ts","statementMap":{"0":{"start":{"line":1,"column":0},"end":{"line":1,"column":28}},"1":{"start":{"line":2,"column":0},"end":{"line":2,"column":16}},"2":{"start":{"line":4,"column":0},"end":{"line":8,"column":2}}},"fnMap":{},"branchMap":{"0":{"loc":{"start":{"line":7,"column":8},"end":{"line":7,"column":32}},"type":"binary-expr","locations":[{"start":{"line":7,"column":8},"end":{"line":7,"column":24}},{"start":{"line":7,"column":28},"end":{"line":7,"column":32}}]}},"s":{"0":0,"1":0,"2":0},"f":{},"b":{"0":[0,0]}}
,"/Users/ismailasylla/Desktop/carship/src/controllers/carController.ts": {"path":"/Users/ismailasylla/Desktop/carship/src/controllers/carController.ts","statementMap":{"0":{"start":{"line":2,"column":0},"end":{"line":2,"column":37}},"1":{"start":{"line":4,"column":0},"end":{"line":4,"column":73}},"2":{"start":{"line":5,"column":0},"end":{"line":5,"column":42}},"3":{"start":{"line":8,"column":23},"end":{"line":33,"column":1}},"4":{"start":{"line":9,"column":89},"end":{"line":9,"column":98}},"5":{"start":{"line":11,"column":20},"end":{"line":11,"column":22}},"6":{"start":{"line":13,"column":2},"end":{"line":13,"column":31}},"7":{"start":{"line":13,"column":12},"end":{"line":13,"column":31}},"8":{"start":{"line":14,"column":2},"end":{"line":14,"column":34}},"9":{"start":{"line":14,"column":13},"end":{"line":14,"column":34}},"10":{"start":{"line":15,"column":2},"end":{"line":15,"column":55}},"11":{"start":{"line":15,"column":12},"end":{"line":15,"column":55}},"12":{"start":{"line":16,"column":2},"end":{"line":16,"column":89}},"13":{"start":{"line":16,"column":16},"end":{"line":16,"column":89}},"14":{"start":{"line":17,"column":2},"end":{"line":17,"column":89}},"15":{"start":{"line":17,"column":16},"end":{"line":17,"column":89}},"16":{"start":{"line":18,"column":2},"end":{"line":18,"column":61}},"17":{"start":{"line":18,"column":22},"end":{"line":18,"column":61}},"18":{"start":{"line":20,"column":2},"end":{"line":32,"column":3}},"19":{"start":{"line":21,"column":17},"end":{"line":23,"column":20}},"20":{"start":{"line":25,"column":22},"end":{"line":25,"column":54}},"21":{"start":{"line":26,"column":23},"end":{"line":26,"column":52}},"22":{"start":{"line":28,"column":4},"end":{"line":28,"column":47}},"23":{"start":{"line":30,"column":4},"end":{"line":30,"column":49}},"24":{"start":{"line":31,"column":4},"end":{"line":31,"column":87}},"25":{"start":{"line":8,"column":13},"end":{"line":8,"column":23}},"26":{"start":{"line":36,"column":32},"end":{"line":47,"column":1}},"27":{"start":{"line":37,"column":2},"end":{"line":46,"column":3}},"28":{"start":{"line":38,"column":18},"end":{"line":38,"column":51}},"29":{"start":{"line":39,"column":19},"end":{"line":39,"column":53}},"30":{"start":{"line":40,"column":18},"end":{"line":40,"column":51}},"31":{"start":{"line":42,"column":4},"end":{"line":42,"column":51}},"32":{"start":{"line":44,"column":4},"end":{"line":44,"column":59}},"33":{"start":{"line":45,"column":4},"end":{"line":45,"column":87}},"34":{"start":{"line":36,"column":13},"end":{"line":36,"column":32}},"35":{"start":{"line":51,"column":25},"end":{"line":87,"column":1}},"36":{"start":{"line":52,"column":76},"end":{"line":52,"column":84}},"37":{"start":{"line":54,"column":2},"end":{"line":57,"column":3}},"38":{"start":{"line":55,"column":4},"end":{"line":55,"column":65}},"39":{"start":{"line":56,"column":4},"end":{"line":56,"column":11}},"40":{"start":{"line":59,"column":2},"end":{"line":62,"column":3}},"41":{"start":{"line":60,"column":4},"end":{"line":60,"column":54}},"42":{"start":{"line":61,"column":4},"end":{"line":61,"column":11}},"43":{"start":{"line":63,"column":2},"end":{"line":66,"column":3}},"44":{"start":{"line":64,"column":4},"end":{"line":64,"column":55}},"45":{"start":{"line":65,"column":4},"end":{"line":65,"column":11}},"46":{"start":{"line":68,"column":14},"end":{"line":76,"column":4}},"47":{"start":{"line":78,"column":2},"end":{"line":86,"column":3}},"48":{"start":{"line":79,"column":21},"end":{"line":79,"column":37}},"49":{"start":{"line":80,"column":17},"end":{"line":80,"column":35}},"50":{"start":{"line":81,"column":4},"end":{"line":81,"column":24}},"51":{"start":{"line":82,"column":4},"end":{"line":82,"column":35}},"52":{"start":{"line":84,"column":4},"end":{"line":84,"column":48}},"53":{"start":{"line":85,"column":4},"end":{"line":85,"column":87}},"54":{"start":{"line":51,"column":13},"end":{"line":51,"column":25}},"55":{"start":{"line":90,"column":25},"end":{"line":116,"column":1}},"56":{"start":{"line":91,"column":17},"end":{"line":91,"column":27}},"57":{"start":{"line":92,"column":76},"end":{"line":92,"column":84}},"58":{"start":{"line":94,"column":2},"end":{"line":115,"column":3}},"59":{"start":{"line":95,"column":16},"end":{"line":95,"column":38}},"60":{"start":{"line":97,"column":4},"end":{"line":100,"column":5}},"61":{"start":{"line":98,"column":6},"end":{"line":98,"column":57}},"62":{"start":{"line":99,"column":6},"end":{"line":99,"column":13}},"63":{"start":{"line":102,"column":4},"end":{"line":105,"column":13}},"64":{"start":{"line":107,"column":23},"end":{"line":107,"column":45}},"65":{"start":{"line":108,"column":17},"end":{"line":108,"column":35}},"66":{"start":{"line":109,"column":4},"end":{"line":109,"column":24}},"67":{"start":{"line":111,"column":4},"end":{"line":111,"column":37}},"68":{"start":{"line":113,"column":4},"end":{"line":113,"column":48}},"69":{"start":{"line":114,"column":4},"end":{"line":114,"column":87}},"70":{"start":{"line":90,"column":13},"end":{"line":90,"column":25}},"71":{"start":{"line":119,"column":25},"end":{"line":138,"column":1}},"72":{"start":{"line":120,"column":17},"end":{"line":120,"column":27}},"73":{"start":{"line":122,"column":2},"end":{"line":137,"column":3}},"74":{"start":{"line":123,"column":16},"end":{"line":123,"column":38}},"75":{"start":{"line":125,"column":4},"end":{"line":128,"column":5}},"76":{"start":{"line":126,"column":6},"end":{"line":126,"column":57}},"77":{"start":{"line":127,"column":6},"end":{"line":127,"column":13}},"78":{"start":{"line":130,"column":4},"end":{"line":130,"column":44}},"79":{"start":{"line":131,"column":17},"end":{"line":131,"column":35}},"80":{"start":{"line":132,"column":4},"end":{"line":132,"column":24}},"81":{"start":{"line":133,"column":4},"end":{"line":133,"column":53}},"82":{"start":{"line":135,"column":4},"end":{"line":135,"column":48}},"83":{"start":{"line":136,"column":4},"end":{"line":136,"column":87}},"84":{"start":{"line":119,"column":13},"end":{"line":119,"column":25}},"85":{"start":{"line":141,"column":26},"end":{"line":157,"column":1}},"86":{"start":{"line":142,"column":17},"end":{"line":142,"column":27}},"87":{"start":{"line":144,"column":2},"end":{"line":156,"column":3}},"88":{"start":{"line":145,"column":16},"end":{"line":145,"column":38}},"89":{"start":{"line":147,"column":4},"end":{"line":150,"column":5}},"90":{"start":{"line":148,"column":6},"end":{"line":148,"column":57}},"91":{"start":{"line":149,"column":6},"end":{"line":149,"column":13}},"92":{"start":{"line":152,"column":4},"end":{"line":152,"column":30}},"93":{"start":{"line":154,"column":4},"end":{"line":154,"column":48}},"94":{"start":{"line":155,"column":4},"end":{"line":155,"column":87}},"95":{"start":{"line":141,"column":13},"end":{"line":141,"column":26}}},"fnMap":{"0":{"name":"(anonymous_1)","decl":{"start":{"line":8,"column":23},"end":{"line":8,"column":28}},"loc":{"start":{"line":8,"column":76},"end":{"line":33,"column":1}}},"1":{"name":"(anonymous_2)","decl":{"start":{"line":36,"column":32},"end":{"line":36,"column":37}},"loc":{"start":{"line":36,"column":85},"end":{"line":47,"column":1}}},"2":{"name":"(anonymous_3)","decl":{"start":{"line":51,"column":25},"end":{"line":51,"column":30}},"loc":{"start":{"line":51,"column":78},"end":{"line":87,"column":1}}},"3":{"name":"(anonymous_4)","decl":{"start":{"line":90,"column":25},"end":{"line":90,"column":30}},"loc":{"start":{"line":90,"column":78},"end":{"line":116,"column":1}}},"4":{"name":"(anonymous_5)","decl":{"start":{"line":119,"column":25},"end":{"line":119,"column":30}},"loc":{"start":{"line":119,"column":78},"end":{"line":138,"column":1}}},"5":{"name":"(anonymous_6)","decl":{"start":{"line":141,"column":26},"end":{"line":141,"column":31}},"loc":{"start":{"line":141,"column":79},"end":{"line":157,"column":1}}}},"branchMap":{"0":{"loc":{"start":{"line":9,"column":10},"end":{"line":9,"column":18}},"type":"default-arg","locations":[{"start":{"line":9,"column":17},"end":{"line":9,"column":18}}]},"1":{"loc":{"start":{"line":9,"column":20},"end":{"line":9,"column":29}},"type":"default-arg","locations":[{"start":{"line":9,"column":28},"end":{"line":9,"column":29}}]},"2":{"loc":{"start":{"line":13,"column":2},"end":{"line":13,"column":31}},"type":"if","locations":[{"start":{"line":13,"column":2},"end":{"line":13,"column":31}}]},"3":{"loc":{"start":{"line":14,"column":2},"end":{"line":14,"column":34}},"type":"if","locations":[{"start":{"line":14,"column":2},"end":{"line":14,"column":34}}]},"4":{"loc":{"start":{"line":15,"column":2},"end":{"line":15,"column":55}},"type":"if","locations":[{"start":{"line":15,"column":2},"end":{"line":15,"column":55}}]},"5":{"loc":{"start":{"line":16,"column":2},"end":{"line":16,"column":89}},"type":"if","locations":[{"start":{"line":16,"column":2},"end":{"line":16,"column":89}}]},"6":{"loc":{"start":{"line":17,"column":2},"end":{"line":17,"column":89}},"type":"if","locations":[{"start":{"line":17,"column":2},"end":{"line":17,"column":89}}]},"7":{"loc":{"start":{"line":18,"column":2},"end":{"line":18,"column":61}},"type":"if","locations":[{"start":{"line":18,"column":2},"end":{"line":18,"column":61}}]},"8":{"loc":{"start":{"line":54,"column":2},"end":{"line":57,"column":3}},"type":"if","locations":[{"start":{"line":54,"column":2},"end":{"line":57,"column":3}}]},"9":{"loc":{"start":{"line":54,"column":6},"end":{"line":54,"column":61}},"type":"binary-expr","locations":[{"start":{"line":54,"column":6},"end":{"line":54,"column":11}},{"start":{"line":54,"column":15},"end":{"line":54,"column":21}},{"start":{"line":54,"column":25},"end":{"line":54,"column":30}},{"start":{"line":54,"column":34},"end":{"line":54,"column":40}},{"start":{"line":54,"column":44},"end":{"line":54,"column":48}},{"start":{"line":54,"column":52},"end":{"line":54,"column":61}}]},"10":{"loc":{"start":{"line":59,"column":2},"end":{"line":62,"column":3}},"type":"if","locations":[{"start":{"line":59,"column":2},"end":{"line":62,"column":3}}]},"11":{"loc":{"start":{"line":59,"column":6},"end":{"line":59,"column":52}},"type":"binary-expr","locations":[{"start":{"line":59,"column":6},"end":{"line":59,"column":17}},{"start":{"line":59,"column":21},"end":{"line":59,"column":52}}]},"12":{"loc":{"start":{"line":63,"column":2},"end":{"line":66,"column":3}},"type":"if","locations":[{"start":{"line":63,"column":2},"end":{"line":66,"column":3}}]},"13":{"loc":{"start":{"line":75,"column":20},"end":{"line":75,"column":60}},"type":"binary-expr","locations":[{"start":{"line":75,"column":20},"end":{"line":75,"column":34}},{"start":{"line":75,"column":38},"end":{"line":75,"column":60}}]},"14":{"loc":{"start":{"line":97,"column":4},"end":{"line":100,"column":5}},"type":"if","locations":[{"start":{"line":97,"column":4},"end":{"line":100,"column":5}}]},"15":{"loc":{"start":{"line":125,"column":4},"end":{"line":128,"column":5}},"type":"if","locations":[{"start":{"line":125,"column":4},"end":{"line":128,"column":5}}]},"16":{"loc":{"start":{"line":147,"column":4},"end":{"line":150,"column":5}},"type":"if","locations":[{"start":{"line":147,"column":4},"end":{"line":150,"column":5}}]}},"s":{"0":0,"1":0,"2":0,"3":0,"4":0,"5":0,"6":0,"7":0,"8":0,"9":0,"10":0,"11":0,"12":0,"13":0,"14":0,"15":0,"16":0,"17":0,"18":0,"19":0,"20":0,"21":0,"22":0,"23":0,"24":0,"25":0,"26":0,"27":0,"28":0,"29":0,"30":0,"31":0,"32":0,"33":0,"34":0,"35":0,"36":0,"37":0,"38":0,"39":0,"40":0,"41":0,"42":0,"43":0,"44":0,"45":0,"46":0,"47":0,"48":0,"49":0,"50":0,"51":0,"52":0,"53":0,"54":0,"55":0,"56":0,"57":0,"58":0,"59":0,"60":0,"61":0,"62":0,"63":0,"64":0,"65":0,"66":0,"67":0,"68":0,"69":0,"70":0,"71":0,"72":0,"73":0,"74":0,"75":0,"76":0,"77":0,"78":0,"79":0,"80":0,"81":0,"82":0,"83":0,"84":0,"85":0,"86":0,"87":0,"88":0,"89":0,"90":0,"91":0,"92":0,"93":0,"94":0,"95":0},"f":{"0":0,"1":0,"2":0,"3":0,"4":0,"5":0},"b":{"0":[0],"1":[0],"2":[0],"3":[0],"4":[0],"5":[0],"6":[0],"7":[0],"8":[0],"9":[0,0,0,0,0,0],"10":[0],"11":[0,0],"12":[0],"13":[0,0],"14":[0],"15":[0],"16":[0]}}
,"/Users/ismailasylla/Desktop/carship/src/controllers/userController.ts": {"path":"/Users/ismailasylla/Desktop/carship/src/controllers/userController.ts","statementMap":{"0":{"start":{"line":2,"column":0},"end":{"line":2,"column":30}},"1":{"start":{"line":3,"column":0},"end":{"line":3,"column":31}},"2":{"start":{"line":5,"column":0},"end":{"line":5,"column":39}},"3":{"start":{"line":8,"column":28},"end":{"line":34,"column":1}},"4":{"start":{"line":9,"column":30},"end":{"line":9,"column":38}},"5":{"start":{"line":11,"column":2},"end":{"line":33,"column":3}},"6":{"start":{"line":12,"column":23},"end":{"line":12,"column":68}},"7":{"start":{"line":13,"column":4},"end":{"line":15,"column":5}},"8":{"start":{"line":14,"column":6},"end":{"line":14,"column":70}},"9":{"start":{"line":17,"column":27},"end":{"line":17,"column":58}},"10":{"start":{"line":18,"column":17},"end":{"line":21,"column":15}},"11":{"start":{"line":23,"column":22},"end":{"line":23,"column":44}},"12":{"start":{"line":24,"column":4},"end":{"line":26,"column":5}},"13":{"start":{"line":25,"column":6},"end":{"line":25,"column":76}},"14":{"start":{"line":27,"column":18},"end":{"line":27,"column":116}},"15":{"start":{"line":29,"column":4},"end":{"line":29,"column":36}},"16":{"start":{"line":31,"column":4},"end":{"line":31,"column":51}},"17":{"start":{"line":32,"column":4},"end":{"line":32,"column":87}},"18":{"start":{"line":8,"column":13},"end":{"line":8,"column":28}},"19":{"start":{"line":36,"column":25},"end":{"line":61,"column":1}},"20":{"start":{"line":37,"column":30},"end":{"line":37,"column":38}},"21":{"start":{"line":39,"column":2},"end":{"line":60,"column":3}},"22":{"start":{"line":40,"column":17},"end":{"line":40,"column":62}},"23":{"start":{"line":41,"column":4},"end":{"line":43,"column":5}},"24":{"start":{"line":42,"column":6},"end":{"line":42,"column":70}},"25":{"start":{"line":45,"column":20},"end":{"line":45,"column":65}},"26":{"start":{"line":46,"column":4},"end":{"line":48,"column":5}},"27":{"start":{"line":47,"column":6},"end":{"line":47,"column":70}},"28":{"start":{"line":50,"column":22},"end":{"line":50,"column":44}},"29":{"start":{"line":51,"column":4},"end":{"line":53,"column":5}},"30":{"start":{"line":52,"column":6},"end":{"line":52,"column":76}},"31":{"start":{"line":54,"column":18},"end":{"line":54,"column":116}},"32":{"start":{"line":56,"column":4},"end":{"line":56,"column":24}},"33":{"start":{"line":58,"column":4},"end":{"line":58,"column":48}},"34":{"start":{"line":59,"column":4},"end":{"line":59,"column":87}},"35":{"start":{"line":36,"column":13},"end":{"line":36,"column":25}},"36":{"start":{"line":63,"column":27},"end":{"line":91,"column":1}},"37":{"start":{"line":64,"column":16},"end":{"line":64,"column":56}},"38":{"start":{"line":66,"column":2},"end":{"line":69,"column":3}},"39":{"start":{"line":67,"column":4},"end":{"line":67,"column":59}},"40":{"start":{"line":68,"column":4},"end":{"line":68,"column":11}},"41":{"start":{"line":71,"column":2},"end":{"line":90,"column":3}},"42":{"start":{"line":72,"column":25},"end":{"line":72,"column":76}},"43":{"start":{"line":73,"column":17},"end":{"line":73,"column":48}},"44":{"start":{"line":75,"column":4},"end":{"line":78,"column":5}},"45":{"start":{"line":76,"column":6},"end":{"line":76,"column":58}},"46":{"start":{"line":77,"column":6},"end":{"line":77,"column":13}},"47":{"start":{"line":80,"column":4},"end":{"line":80,"column":19}},"48":{"start":{"line":82,"column":4},"end":{"line":82,"column":50}},"49":{"start":{"line":84,"column":26},"end":{"line":84,"column":49}},"50":{"start":{"line":86,"column":4},"end":{"line":89,"column":7}},"51":{"start":{"line":63,"column":13},"end":{"line":63,"column":27}}},"fnMap":{"0":{"name":"(anonymous_1)","decl":{"start":{"line":8,"column":28},"end":{"line":8,"column":33}},"loc":{"start":{"line":8,"column":66},"end":{"line":34,"column":1}}},"1":{"name":"(anonymous_2)","decl":{"start":{"line":36,"column":25},"end":{"line":36,"column":30}},"loc":{"start":{"line":36,"column":63},"end":{"line":61,"column":1}}},"2":{"name":"(anonymous_3)","decl":{"start":{"line":63,"column":27},"end":{"line":63,"column":32}},"loc":{"start":{"line":63,"column":80},"end":{"line":91,"column":1}}}},"branchMap":{"0":{"loc":{"start":{"line":13,"column":4},"end":{"line":15,"column":5}},"type":"if","locations":[{"start":{"line":13,"column":4},"end":{"line":15,"column":5}}]},"1":{"loc":{"start":{"line":24,"column":4},"end":{"line":26,"column":5}},"type":"if","locations":[{"start":{"line":24,"column":4},"end":{"line":26,"column":5}}]},"2":{"loc":{"start":{"line":41,"column":4},"end":{"line":43,"column":5}},"type":"if","locations":[{"start":{"line":41,"column":4},"end":{"line":43,"column":5}}]},"3":{"loc":{"start":{"line":46,"column":4},"end":{"line":48,"column":5}},"type":"if","locations":[{"start":{"line":46,"column":4},"end":{"line":48,"column":5}}]},"4":{"loc":{"start":{"line":51,"column":4},"end":{"line":53,"column":5}},"type":"if","locations":[{"start":{"line":51,"column":4},"end":{"line":53,"column":5}}]},"5":{"loc":{"start":{"line":66,"column":2},"end":{"line":69,"column":3}},"type":"if","locations":[{"start":{"line":66,"column":2},"end":{"line":69,"column":3}}]},"6":{"loc":{"start":{"line":75,"column":4},"end":{"line":78,"column":5}},"type":"if","locations":[{"start":{"line":75,"column":4},"end":{"line":78,"column":5}}]}},"s":{"0":1,"1":1,"2":1,"3":1,"4":0,"5":0,"6":0,"7":0,"8":0,"9":0,"10":0,"11":0,"12":0,"13":0,"14":0,"15":0,"16":0,"17":0,"18":1,"19":1,"20":0,"21":0,"22":0,"23":0,"24":0,"25":0,"26":0,"27":0,"28":0,"29":0,"30":0,"31":0,"32":0,"33":0,"34":0,"35":1,"36":1,"37":3,"38":3,"39":1,"40":1,"41":2,"42":2,"43":1,"44":1,"45":0,"46":0,"47":1,"48":1,"49":1,"50":1,"51":1},"f":{"0":0,"1":0,"2":3},"b":{"0":[0],"1":[0],"2":[0],"3":[0],"4":[0],"5":[1],"6":[0]}}
,"/Users/ismailasylla/Desktop/carship/src/interfaces/enums/shippingStatus.enum.ts": {"path":"/Users/ismailasylla/Desktop/carship/src/interfaces/enums/shippingStatus.enum.ts","statementMap":{"0":{"start":{"line":1,"column":0},"end":{"line":1,"column":null}},"1":{"start":{"line":2,"column":4},"end":{"line":2,"column":null}},"2":{"start":{"line":3,"column":4},"end":{"line":3,"column":null}},"3":{"start":{"line":4,"column":4},"end":{"line":4,"column":null}}},"fnMap":{"0":{"name":"(anonymous_0)","decl":{"start":{"line":1,"column":0},"end":{"line":1,"column":12}},"loc":{"start":{"line":1,"column":26},"end":{"line":5,"column":3}}}},"branchMap":{"0":{"loc":{"start":{"line":1,"column":12},"end":{"line":1,"column":null}},"type":"binary-expr","locations":[{"start":{"line":1,"column":12},"end":{"line":1,"column":26}},{"start":{"line":1,"column":26},"end":{"line":1,"column":null}}]}},"s":{"0":0,"1":0,"2":0,"3":0},"f":{"0":0},"b":{"0":[0,0]}}
,"/Users/ismailasylla/Desktop/carship/src/middlewares/authMiddleware.ts": {"path":"/Users/ismailasylla/Desktop/carship/src/middlewares/authMiddleware.ts","statementMap":{"0":{"start":{"line":2,"column":0},"end":{"line":2,"column":31}},"1":{"start":{"line":3,"column":0},"end":{"line":3,"column":39}},"2":{"start":{"line":6,"column":23},"end":{"line":33,"column":1}},"3":{"start":{"line":9,"column":2},"end":{"line":32,"column":3}},"4":{"start":{"line":10,"column":4},"end":{"line":29,"column":5}},"5":{"start":{"line":11,"column":6},"end":{"line":11,"column":54}},"6":{"start":{"line":12,"column":24},"end":{"line":12,"column":52}},"7":{"start":{"line":13,"column":22},"end":{"line":13,"column":68}},"8":{"start":{"line":15,"column":19},"end":{"line":15,"column":77}},"9":{"start":{"line":17,"column":6},"end":{"line":19,"column":7}},"10":{"start":{"line":18,"column":8},"end":{"line":18,"column":67}},"11":{"start":{"line":21,"column":6},"end":{"line":21,"column":31}},"12":{"start":{"line":22,"column":6},"end":{"line":22,"column":13}},"13":{"start":{"line":24,"column":6},"end":{"line":28,"column":7}},"14":{"start":{"line":25,"column":8},"end":{"line":25,"column":96}},"15":{"start":{"line":27,"column":8},"end":{"line":27,"column":74}},"16":{"start":{"line":31,"column":4},"end":{"line":31,"column":66}},"17":{"start":{"line":6,"column":13},"end":{"line":6,"column":23}}},"fnMap":{"0":{"name":"(anonymous_1)","decl":{"start":{"line":6,"column":23},"end":{"line":6,"column":28}},"loc":{"start":{"line":6,"column":81},"end":{"line":33,"column":1}}}},"branchMap":{"0":{"loc":{"start":{"line":9,"column":2},"end":{"line":32,"column":3}},"type":"if","locations":[{"start":{"line":9,"column":2},"end":{"line":32,"column":3}},{"start":{"line":30,"column":9},"end":{"line":32,"column":3}}]},"1":{"loc":{"start":{"line":9,"column":6},"end":{"line":9,"column":81}},"type":"binary-expr","locations":[{"start":{"line":9,"column":6},"end":{"line":9,"column":31}},{"start":{"line":9,"column":35},"end":{"line":9,"column":81}}]},"2":{"loc":{"start":{"line":12,"column":24},"end":{"line":12,"column":52}},"type":"binary-expr","locations":[{"start":{"line":12,"column":24},"end":{"line":12,"column":46}},{"start":{"line":12,"column":50},"end":{"line":12,"column":52}}]},"3":{"loc":{"start":{"line":17,"column":6},"end":{"line":19,"column":7}},"type":"if","locations":[{"start":{"line":17,"column":6},"end":{"line":19,"column":7}}]},"4":{"loc":{"start":{"line":24,"column":6},"end":{"line":28,"column":7}},"type":"if","locations":[{"start":{"line":24,"column":6},"end":{"line":28,"column":7}},{"start":{"line":26,"column":13},"end":{"line":28,"column":7}}]}},"s":{"0":0,"1":0,"2":0,"3":0,"4":0,"5":0,"6":0,"7":0,"8":0,"9":0,"10":0,"11":0,"12":0,"13":0,"14":0,"15":0,"16":0,"17":0},"f":{"0":0},"b":{"0":[0,0],"1":[0,0],"2":[0,0],"3":[0],"4":[0,0]}}
,"/Users/ismailasylla/Desktop/carship/src/models/carModel.ts": {"path":"/Users/ismailasylla/Desktop/carship/src/models/carModel.ts","statementMap":{"0":{"start":{"line":1,"column":0},"end":{"line":1,"column":51}},"1":{"start":{"line":3,"column":0},"end":{"line":3,"column":73}},"2":{"start":{"line":5,"column":18},"end":{"line":17,"column":24}},"3":{"start":{"line":20,"column":0},"end":{"line":20,"column":29}},"4":{"start":{"line":21,"column":0},"end":{"line":21,"column":30}},"5":{"start":{"line":22,"column":0},"end":{"line":22,"column":29}},"6":{"start":{"line":23,"column":0},"end":{"line":23,"column":30}},"7":{"start":{"line":24,"column":0},"end":{"line":24,"column":39}},"8":{"start":{"line":26,"column":25},"end":{"line":26,"column":63}},"9":{"start":{"line":28,"column":0},"end":{"line":28,"column":19}}},"fnMap":{},"branchMap":{},"s":{"0":0,"1":0,"2":0,"3":0,"4":0,"5":0,"6":0,"7":0,"8":0,"9":0},"f":{},"b":{}}
,"/Users/ismailasylla/Desktop/carship/src/models/userModel.ts": {"path":"/Users/ismailasylla/Desktop/carship/src/models/userModel.ts","statementMap":{"0":{"start":{"line":1,"column":0},"end":{"line":1,"column":54}},"1":{"start":{"line":2,"column":0},"end":{"line":2,"column":30}},"2":{"start":{"line":6,"column":19},"end":{"line":16,"column":2}},"3":{"start":{"line":18,"column":0},"end":{"line":20,"column":2}},"4":{"start":{"line":19,"column":2},"end":{"line":19,"column":58}},"5":{"start":{"line":22,"column":13},"end":{"line":22,"column":54}},"6":{"start":{"line":23,"column":0},"end":{"line":23,"column":20}}},"fnMap":{"0":{"name":"(anonymous_7)","decl":{"start":{"line":18,"column":37},"end":{"line":18,"column":42}},"loc":{"start":{"line":18,"column":78},"end":{"line":20,"column":1}}}},"branchMap":{},"s":{"0":1,"1":1,"2":1,"3":1,"4":0,"5":1,"6":1},"f":{"0":0},"b":{}}
,"/Users/ismailasylla/Desktop/carship/src/routes/carRoutes.ts": {"path":"/Users/ismailasylla/Desktop/carship/src/routes/carRoutes.ts","statementMap":{"0":{"start":{"line":1,"column":0},"end":{"line":1,"column":30}},"1":{"start":{"line":2,"column":0},"end":{"line":2,"column":118}},"2":{"start":{"line":4,"column":15},"end":{"line":4,"column":31}},"3":{"start":{"line":6,"column":0},"end":{"line":7,"column":25}},"4":{"start":{"line":9,"column":0},"end":{"line":11,"column":19}},"5":{"start":{"line":13,"column":0},"end":{"line":16,"column":21}},"6":{"start":{"line":18,"column":0},"end":{"line":18,"column":22}}},"fnMap":{},"branchMap":{},"s":{"0":0,"1":0,"2":0,"3":0,"4":0,"5":0,"6":0},"f":{},"b":{}}
,"/Users/ismailasylla/Desktop/carship/src/routes/userRoutes.ts": {"path":"/Users/ismailasylla/Desktop/carship/src/routes/userRoutes.ts","statementMap":{"0":{"start":{"line":1,"column":0},"end":{"line":1,"column":33}},"1":{"start":{"line":2,"column":0},"end":{"line":2,"column":85}},"2":{"start":{"line":3,"column":0},"end":{"line":3,"column":56}},"3":{"start":{"line":6,"column":15},"end":{"line":6,"column":23}},"4":{"start":{"line":8,"column":0},"end":{"line":8,"column":39}},"5":{"start":{"line":9,"column":0},"end":{"line":9,"column":33}},"6":{"start":{"line":10,"column":0},"end":{"line":10,"column":45}},"7":{"start":{"line":12,"column":0},"end":{"line":12,"column":22}}},"fnMap":{},"branchMap":{},"s":{"0":0,"1":0,"2":0,"3":0,"4":0,"5":0,"6":0,"7":0},"f":{},"b":{}}
}
